INFO:root:Played: [DEMON_FORM]
INFO:root:Played: [STRIKE, STRIKE]
INFO:root:shuffling...
INFO:root:Played: [STRIKE, STRIKE, STRIKE]
INFO:root:Played: [STRIKE]
INFO:root:shuffling...
INFO:root:Played: [STRIKE, STRIKE, STRIKE]
INFO:root:Played: [STRIKE, STRIKE]
INFO:root:shuffling...
INFO:root:Played: [STRIKE, STRIKE, STRIKE]
INFO:root:Played: [STRIKE, STRIKE]
INFO:root:shuffling...
INFO:root:Played: [STRIKE, STRIKE, STRIKE]
INFO:root:Played: [STRIKE, STRIKE]
INFO:root:shuffling...
INFO:root:Played: [STRIKE, STRIKE, STRIKE]
INFO:root:Played: [STRIKE, STRIKE]
INFO:root:shuffling...
INFO:root:Played: [STRIKE, STRIKE, STRIKE]
INFO:root:Played: [STRIKE, STRIKE]
INFO:root:shuffling...
INFO:root:Played: [STRIKE]
INFO:root:Played: [STRIKE, STRIKE, STRIKE]
INFO:root:damage: [0, 16.0, 30.0, 12.0, 42.0, 32.0, 54.0, 40.0, 66.0, 48.0, 78.0, 56.0, 90.0, 64.0, 34.0, 108.0]
INFO:root:Played: [STRIKE]
INFO:root:Played: [DEMON_FORM]
INFO:root:shuffling...
INFO:root:Played: [STRIKE, STRIKE, STRIKE]
INFO:root:Played: [STRIKE]
INFO:root:shuffling...
INFO:root:Played: [STRIKE, STRIKE, STRIKE]
INFO:root:Played: [STRIKE, STRIKE]
INFO:root:shuffling...
INFO:root:Played: [STRIKE, STRIKE, STRIKE]
INFO:root:Played: [STRIKE, STRIKE]
INFO:root:shuffling...
INFO:root:Played: [STRIKE, STRIKE, STRIKE]
INFO:root:Played: [STRIKE, STRIKE]
INFO:root:shuffling...
INFO:root:Played: [STRIKE, STRIKE]
INFO:root:Played: [STRIKE, STRIKE, STRIKE]
INFO:root:shuffling...
INFO:root:Played: [STRIKE, STRIKE, STRIKE]
INFO:root:Played: [STRIKE, STRIKE]
INFO:root:shuffling...
INFO:root:Played: [STRIKE, STRIKE, STRIKE]
INFO:root:Played: [STRIKE, STRIKE]
INFO:root:damage: [6.0, 0, 24.0, 10.0, 36.0, 28.0, 48.0, 36.0, 60.0, 44.0, 48.0, 78.0, 84.0, 60.0, 96.0, 68.0]
INFO:root:Played: [STRIKE, STRIKE]
INFO:root:Played: [DEMON_FORM]
INFO:root:shuffling...
INFO:root:Played: [STRIKE, STRIKE]
INFO:root:Played: [STRIKE, STRIKE, STRIKE]
INFO:root:shuffling...
INFO:root:Played: [STRIKE, STRIKE, STRIKE]
INFO:root:Played: [STRIKE]
INFO:root:shuffling...
INFO:root:Played: []
INFO:root:Played: [STRIKE, STRIKE, STRIKE]
INFO:root:shuffling...
INFO:root:Played: [STRIKE, STRIKE, STRIKE]
INFO:root:Played: [STRIKE, STRIKE]
INFO:root:shuffling...
INFO:root:Played: [STRIKE, STRIKE, STRIKE]
INFO:root:Played: [STRIKE, STRIKE]
INFO:root:shuffling...
INFO:root:Played: [STRIKE, STRIKE, STRIKE]
INFO:root:Played: [STRIKE, STRIKE]
INFO:root:shuffling...
INFO:root:Played: [STRIKE]
INFO:root:Played: [STRIKE, STRIKE, STRIKE]
INFO:root:damage: [12.0, 0, 16.0, 30.0, 36.0, 14.0, 0, 54.0, 60.0, 44.0, 72.0, 52.0, 84.0, 60.0, 32.0, 102.0]
INFO:root:Played: [STRIKE, STRIKE]
INFO:root:Played: [STRIKE, STRIKE, STRIKE]
INFO:root:shuffling...
INFO:root:Played: [DEMON_FORM]
INFO:root:Played: [STRIKE, STRIKE, STRIKE]
INFO:root:shuffling...
INFO:root:Played: [STRIKE, STRIKE]
INFO:root:Played: [STRIKE, STRIKE, STRIKE]
INFO:root:shuffling...
INFO:root:Played: [STRIKE]
INFO:root:Played: [STRIKE, STRIKE, STRIKE]
INFO:root:shuffling...
INFO:root:Played: [STRIKE, STRIKE]
INFO:root:Played: [STRIKE, STRIKE, STRIKE]
INFO:root:shuffling...
INFO:root:Played: [STRIKE, STRIKE, STRIKE]
INFO:root:Played: [STRIKE, STRIKE]
INFO:root:shuffling...
INFO:root:Played: [STRIKE, STRIKE, STRIKE]
INFO:root:Played: [STRIKE, STRIKE]
INFO:root:shuffling...
INFO:root:Played: [STRIKE, STRIKE]
INFO:root:Played: [STRIKE, STRIKE, STRIKE]
INFO:root:damage: [12.0, 18.0, 0, 24.0, 20.0, 36.0, 14.0, 48.0, 36.0, 60.0, 66.0, 48.0, 78.0, 56.0, 60.0, 96.0]
INFO:root:Played: [STRIKE, STRIKE]
INFO:root:Played: [STRIKE, STRIKE, STRIKE]
INFO:root:shuffling...
INFO:root:Played: [DEMON_FORM]
INFO:root:Played: [STRIKE, STRIKE, STRIKE]
INFO:root:shuffling...
INFO:root:Played: [STRIKE, STRIKE, STRIKE]
INFO:root:Played: [STRIKE]
INFO:root:shuffling...
INFO:root:Played: [STRIKE, STRIKE, STRIKE]
INFO:root:Played: [STRIKE, STRIKE]
INFO:root:shuffling...
INFO:root:Played: [STRIKE, STRIKE, STRIKE]
INFO:root:Played: [STRIKE, STRIKE]
INFO:root:shuffling...
INFO:root:Played: [STRIKE, STRIKE]
INFO:root:Played: [STRIKE, STRIKE, STRIKE]
INFO:root:shuffling...
INFO:root:Played: [STRIKE, STRIKE, STRIKE]
INFO:root:Played: [STRIKE, STRIKE]
INFO:root:shuffling...
INFO:root:Played: [STRIKE, STRIKE]
INFO:root:Played: [STRIKE, STRIKE, STRIKE]
INFO:root:damage: [12.0, 18.0, 0, 24.0, 30.0, 12.0, 42.0, 32.0, 54.0, 40.0, 44.0, 72.0, 78.0, 56.0, 60.0, 96.0]
INFO:root:Played: [DEMON_FORM]
INFO:root:Played: [STRIKE, STRIKE, STRIKE]
INFO:root:shuffling...
INFO:root:Played: [STRIKE]
INFO:root:Played: [STRIKE, STRIKE, STRIKE]
INFO:root:shuffling...
INFO:root:Played: [STRIKE, STRIKE, STRIKE]
INFO:root:Played: [STRIKE, STRIKE]
INFO:root:shuffling...
INFO:root:Played: [STRIKE, STRIKE, STRIKE]
INFO:root:Played: [STRIKE, STRIKE]
INFO:root:shuffling...
INFO:root:Played: [STRIKE, STRIKE]
INFO:root:Played: [STRIKE, STRIKE, STRIKE]
INFO:root:shuffling...
INFO:root:Played: [STRIKE]
INFO:root:Played: [STRIKE, STRIKE, STRIKE]
INFO:root:shuffling...
INFO:root:Played: [STRIKE, STRIKE]
INFO:root:Played: [STRIKE, STRIKE, STRIKE]
INFO:root:shuffling...
INFO:root:Played: [STRIKE, STRIKE]
INFO:root:Played: [STRIKE, STRIKE, STRIKE]
INFO:root:damage: [0, 24.0, 10.0, 36.0, 42.0, 32.0, 54.0, 40.0, 44.0, 72.0, 26.0, 84.0, 60.0, 96.0, 68.0, 108.0]
INFO:root:Played: [STRIKE, STRIKE, STRIKE]
INFO:root:Played: [STRIKE, STRIKE]
INFO:root:shuffling...
INFO:root:Played: [DEMON_FORM]
INFO:root:Played: [STRIKE, STRIKE]
INFO:root:shuffling...
INFO:root:Played: [STRIKE, STRIKE, STRIKE]
INFO:root:Played: [STRIKE, STRIKE]
INFO:root:shuffling...
INFO:root:Played: [STRIKE]
INFO:root:Played: [STRIKE, STRIKE, STRIKE]
INFO:root:shuffling...
INFO:root:Played: [STRIKE, STRIKE]
INFO:root:Played: [STRIKE, STRIKE, STRIKE]
INFO:root:shuffling...
INFO:root:Played: [STRIKE, STRIKE]
INFO:root:Played: [STRIKE, STRIKE, STRIKE]
INFO:root:shuffling...
INFO:root:Played: [STRIKE, STRIKE]
INFO:root:Played: [STRIKE, STRIKE, STRIKE]
INFO:root:shuffling...
INFO:root:Played: [STRIKE, STRIKE, STRIKE]
INFO:root:Played: [STRIKE]
INFO:root:damage: [18.0, 12.0, 0, 16.0, 30.0, 24.0, 14.0, 48.0, 36.0, 60.0, 44.0, 72.0, 52.0, 84.0, 90.0, 32.0]
INFO:root:Played: [STRIKE, STRIKE]
INFO:root:Played: [DEMON_FORM]
INFO:root:shuffling...
INFO:root:Played: [STRIKE, STRIKE]
INFO:root:Played: [STRIKE, STRIKE, STRIKE]
INFO:root:shuffling...
INFO:root:Played: [STRIKE, STRIKE, STRIKE]
INFO:root:Played: [STRIKE, STRIKE]
INFO:root:shuffling...
INFO:root:Played: [STRIKE, STRIKE, STRIKE]
INFO:root:Played: [STRIKE, STRIKE]
INFO:root:shuffling...
INFO:root:Played: [STRIKE, STRIKE, STRIKE]
INFO:root:Played: [STRIKE]
INFO:root:shuffling...
INFO:root:Played: [STRIKE, STRIKE, STRIKE]
INFO:root:Played: [STRIKE, STRIKE]
INFO:root:shuffling...
INFO:root:Played: [STRIKE]
INFO:root:Played: [STRIKE, STRIKE, STRIKE]
INFO:root:shuffling...
INFO:root:Played: [STRIKE, STRIKE]
INFO:root:Played: [STRIKE, STRIKE, STRIKE]
INFO:root:damage: [12.0, 0, 16.0, 30.0, 36.0, 28.0, 48.0, 36.0, 60.0, 22.0, 72.0, 52.0, 28.0, 90.0, 64.0, 102.0]
INFO:root:Played: [DEMON_FORM]
INFO:root:Played: [STRIKE, STRIKE]
INFO:root:shuffling...
INFO:root:Played: [STRIKE, STRIKE]
INFO:root:Played: [STRIKE, STRIKE, STRIKE]
INFO:root:shuffling...
INFO:root:Played: []
INFO:root:Played: [STRIKE, STRIKE, STRIKE]
INFO:root:shuffling...
INFO:root:Played: [STRIKE, STRIKE, STRIKE]
INFO:root:Played: [STRIKE, STRIKE]
INFO:root:shuffling...
INFO:root:Played: [STRIKE, STRIKE, STRIKE]
INFO:root:Played: [STRIKE, STRIKE]
INFO:root:shuffling...
INFO:root:Played: [STRIKE, STRIKE, STRIKE]
INFO:root:Played: [STRIKE, STRIKE]
INFO:root:shuffling...
INFO:root:Played: [STRIKE, STRIKE, STRIKE]
INFO:root:Played: [STRIKE]
INFO:root:shuffling...
INFO:root:Played: [STRIKE, STRIKE]
INFO:root:Played: [STRIKE, STRIKE, STRIKE]
INFO:root:damage: [0, 16.0, 20.0, 36.0, 0, 48.0, 54.0, 40.0, 66.0, 48.0, 78.0, 56.0, 90.0, 32.0, 68.0, 108.0]
INFO:root:Played: [STRIKE]
INFO:root:Played: [DEMON_FORM]
INFO:root:shuffling...
INFO:root:Played: [STRIKE, STRIKE, STRIKE]
INFO:root:Played: [STRIKE, STRIKE]
INFO:root:shuffling...
INFO:root:Played: [STRIKE, STRIKE]
INFO:root:Played: [STRIKE, STRIKE, STRIKE]
INFO:root:shuffling...
INFO:root:Played: [STRIKE, STRIKE]
INFO:root:Played: [STRIKE, STRIKE, STRIKE]
INFO:root:shuffling...
INFO:root:Played: [STRIKE, STRIKE, STRIKE]
INFO:root:Played: [STRIKE, STRIKE]
INFO:root:shuffling...
INFO:root:Played: [STRIKE]
INFO:root:Played: [STRIKE, STRIKE, STRIKE]
INFO:root:shuffling...
INFO:root:Played: [STRIKE, STRIKE, STRIKE]
INFO:root:Played: [STRIKE]
INFO:root:shuffling...
INFO:root:Played: [STRIKE, STRIKE]
INFO:root:Played: [STRIKE, STRIKE, STRIKE]
INFO:root:damage: [6.0, 0, 24.0, 20.0, 24.0, 42.0, 32.0, 54.0, 60.0, 44.0, 24.0, 78.0, 84.0, 30.0, 64.0, 102.0]
